# JRE version: OpenJDK Runtime Environment (Zulu 8.52.0.23-CA-win64) (8.0_282-b08) (build 1.8.0_282-b08)
# Java VM: OpenJDK 64-Bit Server VM (25.282-b08 mixed mode windows-amd64 compressed oops)
Heap:
 PSYoungGen      total 36864K, used 14460K [0x00000000d5580000, 0x00000000d8180000, 0x0000000100000000)
  eden space 29696K, 33% used [0x00000000d5580000,0x00000000d5f59d28,0x00000000d7280000)
  from space 7168K, 61% used [0x00000000d7a80000,0x00000000d7ec52e8,0x00000000d8180000)
  to   space 7680K, 0% used [0x00000000d7280000,0x00000000d7280000,0x00000000d7a00000)
 ParOldGen       total 86016K, used 6525K [0x0000000080000000, 0x0000000085400000, 0x00000000d5580000)
  object space 86016K, 7% used [0x0000000080000000,0x000000008065f538,0x0000000085400000)
 Metaspace       used 20486K, capacity 20716K, committed 20864K, reserved 1069056K
  class space    used 2272K, capacity 2391K, committed 2432K, reserved 1048576K
GC Heap History (10 events):
Event: 6.592 GC heap before
{Heap before GC invocations=4 (full 0):
 PSYoungGen      total 37888K, used 37877K [0x00000000d5580000, 0x00000000d7f80000, 0x0000000100000000)
  eden space 32768K, 100% used [0x00000000d5580000,0x00000000d7580000,0x00000000d7580000)
  from space 5120K, 99% used [0x00000000d7580000,0x00000000d7a7d790,0x00000000d7a80000)
  to   space 5120K, 0% used [0x00000000d7a80000,0x00000000d7a80000,0x00000000d7f80000)
 ParOldGen       total 86016K, used 16K [0x0000000080000000, 0x0000000085400000, 0x00000000d5580000)
  object space 86016K, 0% used [0x0000000080000000,0x0000000080004000,0x0000000085400000)
 Metaspace       used 10562K, capacity 10774K, committed 11008K, reserved 1058816K
  class space    used 1156K, capacity 1209K, committed 1280K, reserved 1048576K
Event: 6.595 GC heap after
Heap after GC invocations=4 (full 0):
 PSYoungGen      total 37888K, used 4398K [0x00000000d5580000, 0x00000000d7f80000, 0x0000000100000000)
  eden space 32768K, 0% used [0x00000000d5580000,0x00000000d5580000,0x00000000d7580000)
  from space 5120K, 85% used [0x00000000d7a80000,0x00000000d7ecba28,0x00000000d7f80000)
  to   space 5120K, 0% used [0x00000000d7580000,0x00000000d7580000,0x00000000d7a80000)
 ParOldGen       total 86016K, used 24K [0x0000000080000000, 0x0000000085400000, 0x00000000d5580000)
  object space 86016K, 0% used [0x0000000080000000,0x0000000080006000,0x0000000085400000)
 Metaspace       used 10562K, capacity 10774K, committed 11008K, reserved 1058816K
  class space    used 1156K, capacity 1209K, committed 1280K, reserved 1048576K
}
Event: 6.841 GC heap before
{Heap before GC invocations=5 (full 0):
 PSYoungGen      total 37888K, used 37166K [0x00000000d5580000, 0x00000000d7f80000, 0x0000000100000000)
  eden space 32768K, 100% used [0x00000000d5580000,0x00000000d7580000,0x00000000d7580000)
  from space 5120K, 85% used [0x00000000d7a80000,0x00000000d7ecba28,0x00000000d7f80000)
  to   space 5120K, 0% used [0x00000000d7580000,0x00000000d7580000,0x00000000d7a80000)
 ParOldGen       total 86016K, used 24K [0x0000000080000000, 0x0000000085400000, 0x00000000d5580000)
  object space 86016K, 0% used [0x0000000080000000,0x0000000080006000,0x0000000085400000)
 Metaspace       used 12595K, capacity 12826K, committed 12928K, reserved 1060864K
  class space    used 1305K, capacity 1380K, committed 1408K, reserved 1048576K
Event: 6.844 GC heap after
Heap after GC invocations=5 (full 0):
 PSYoungGen      total 37376K, used 5112K [0x00000000d5580000, 0x00000000d8100000, 0x0000000100000000)
  eden space 32256K, 0% used [0x00000000d5580000,0x00000000d5580000,0x00000000d7500000)
  from space 5120K, 99% used [0x00000000d7580000,0x00000000d7a7e370,0x00000000d7a80000)
  to   space 6144K, 0% used [0x00000000d7b00000,0x00000000d7b00000,0x00000000d8100000)
 ParOldGen       total 86016K, used 845K [0x0000000080000000, 0x0000000085400000, 0x00000000d5580000)
  object space 86016K, 0% used [0x0000000080000000,0x00000000800d3728,0x0000000085400000)
 Metaspace       used 12595K, capacity 12826K, committed 12928K, reserved 1060864K
  class space    used 1305K, capacity 1380K, committed 1408K, reserved 1048576K
}
Event: 7.355 GC heap before
{Heap before GC invocations=6 (full 0):
 PSYoungGen      total 37376K, used 37368K [0x00000000d5580000, 0x00000000d8100000, 0x0000000100000000)
  eden space 32256K, 100% used [0x00000000d5580000,0x00000000d7500000,0x00000000d7500000)
  from space 5120K, 99% used [0x00000000d7580000,0x00000000d7a7e370,0x00000000d7a80000)
  to   space 6144K, 0% used [0x00000000d7b00000,0x00000000d7b00000,0x00000000d8100000)
 ParOldGen       total 86016K, used 845K [0x0000000080000000, 0x0000000085400000, 0x00000000d5580000)
  object space 86016K, 0% used [0x0000000080000000,0x00000000800d3728,0x0000000085400000)
 Metaspace       used 16353K, capacity 16646K, committed 17024K, reserved 1064960K
  class space    used 1721K, capacity 1846K, committed 1920K, reserved 1048576K
Event: 7.360 GC heap after
Heap after GC invocations=6 (full 0):
 PSYoungGen      total 36864K, used 6127K [0x00000000d5580000, 0x00000000d8380000, 0x0000000100000000)
  eden space 30720K, 0% used [0x00000000d5580000,0x00000000d5580000,0x00000000d7380000)
  from space 6144K, 99% used [0x00000000d7b00000,0x00000000d80fbff8,0x00000000d8100000)
  to   space 7680K, 0% used [0x00000000d7380000,0x00000000d7380000,0x00000000d7b00000)
 ParOldGen       total 86016K, used 2546K [0x0000000080000000, 0x0000000085400000, 0x00000000d5580000)
  object space 86016K, 2% used [0x0000000080000000,0x000000008027cbf0,0x0000000085400000)
 Metaspace       used 16353K, capacity 16646K, committed 17024K, reserved 1064960K
  class space    used 1721K, capacity 1846K, committed 1920K, reserved 1048576K
}
Event: 7.715 GC heap before
{Heap before GC invocations=7 (full 0):
 PSYoungGen      total 36864K, used 36847K [0x00000000d5580000, 0x00000000d8380000, 0x0000000100000000)
  eden space 30720K, 100% used [0x00000000d5580000,0x00000000d7380000,0x00000000d7380000)
  from space 6144K, 99% used [0x00000000d7b00000,0x00000000d80fbff8,0x00000000d8100000)
  to   space 7680K, 0% used [0x00000000d7380000,0x00000000d7380000,0x00000000d7b00000)
 ParOldGen       total 86016K, used 2546K [0x0000000080000000, 0x0000000085400000, 0x00000000d5580000)
  object space 86016K, 2% used [0x0000000080000000,0x000000008027cbf0,0x0000000085400000)
 Metaspace       used 18587K, capacity 18822K, committed 19072K, reserved 1067008K
  class space    used 2058K, capacity 2166K, committed 2176K, reserved 1048576K
Event: 7.720 GC heap after
Heap after GC invocations=7 (full 0):
 PSYoungGen      total 35328K, used 4658K [0x00000000d5580000, 0x00000000d8200000, 0x0000000100000000)
  eden space 30208K, 0% used [0x00000000d5580000,0x00000000d5580000,0x00000000d7300000)
  from space 5120K, 90% used [0x00000000d7380000,0x00000000d780cbc8,0x00000000d7880000)
  to   space 7680K, 0% used [0x00000000d7a80000,0x00000000d7a80000,0x00000000d8200000)
 ParOldGen       total 86016K, used 6029K [0x0000000080000000, 0x0000000085400000, 0x00000000d5580000)
  object space 86016K, 7% used [0x0000000080000000,0x00000000805e34a8,0x0000000085400000)
 Metaspace       used 18587K, capacity 18822K, committed 19072K, reserved 1067008K
  class space    used 2058K, capacity 2166K, committed 2176K, reserved 1048576K
}
Event: 8.075 GC heap before
{Heap before GC invocations=8 (full 0):
 PSYoungGen      total 35328K, used 34866K [0x00000000d5580000, 0x00000000d8200000, 0x0000000100000000)
  eden space 30208K, 100% used [0x00000000d5580000,0x00000000d7300000,0x00000000d7300000)
  from space 5120K, 90% used [0x00000000d7380000,0x00000000d780cbc8,0x00000000d7880000)
  to   space 7680K, 0% used [0x00000000d7a80000,0x00000000d7a80000,0x00000000d8200000)
 ParOldGen       total 86016K, used 6029K [0x0000000080000000, 0x0000000085400000, 0x00000000d5580000)
  object space 86016K, 7% used [0x0000000080000000,0x00000000805e34a8,0x0000000085400000)
 Metaspace       used 19938K, capacity 20216K, committed 20608K, reserved 1067008K
  class space    used 2208K, capacity 2312K, committed 2432K, reserved 1048576K
Event: 8.079 GC heap after
Heap after GC invocations=8 (full 0):
 PSYoungGen      total 36864K, used 4372K [0x00000000d5580000, 0x00000000d8180000, 0x0000000100000000)
  eden space 29696K, 0% used [0x00000000d5580000,0x00000000d5580000,0x00000000d7280000)
  from space 7168K, 61% used [0x00000000d7a80000,0x00000000d7ec52e8,0x00000000d8180000)
  to   space 7680K, 0% used [0x00000000d7280000,0x00000000d7280000,0x00000000d7a00000)
 ParOldGen       total 86016K, used 6525K [0x0000000080000000, 0x0000000085400000, 0x00000000d5580000)
  object space 86016K, 7% used [0x0000000080000000,0x000000008065f538,0x0000000085400000)
 Metaspace       used 19938K, capacity 20216K, committed 20608K, reserved 1067008K
  class space    used 2208K, capacity 2312K, committed 2432K, reserved 1048576K
}

