# JRE version: OpenJDK Runtime Environment (Zulu 8.52.0.23-CA-win64) (8.0_282-b08) (build 1.8.0_282-b08)
# Java VM: OpenJDK 64-Bit Server VM (25.282-b08 mixed mode windows-amd64 compressed oops)
Heap:
 PSYoungGen      total 200704K, used 177404K [0x00000000d5580000, 0x00000000e5180000, 0x0000000100000000)
  eden space 195584K, 90% used [0x00000000d5580000,0x00000000e02bf008,0x00000000e1480000)
  from space 5120K, 0% used [0x00000000e1e00000,0x00000000e1e00000,0x00000000e2300000)
  to   space 9728K, 0% used [0x00000000e1480000,0x00000000e1480000,0x00000000e1e00000)
 ParOldGen       total 75264K, used 23418K [0x0000000080000000, 0x0000000084980000, 0x00000000d5580000)
  object space 75264K, 31% used [0x0000000080000000,0x00000000816deac0,0x0000000084980000)
 Metaspace       used 34206K, capacity 35524K, committed 35752K, reserved 1081344K
  class space    used 3874K, capacity 4243K, committed 4264K, reserved 1048576K
GC Heap History (10 events):
Event: 90.855 GC heap before
{Heap before GC invocations=16 (full 1):
 PSYoungGen      total 199168K, used 199025K [0x00000000d5580000, 0x00000000e2f80000, 0x0000000100000000)
  eden space 194048K, 100% used [0x00000000d5580000,0x00000000e1300000,0x00000000e1300000)
  from space 5120K, 97% used [0x00000000e2a80000,0x00000000e2f5c798,0x00000000e2f80000)
  to   space 9728K, 0% used [0x00000000e1c80000,0x00000000e1c80000,0x00000000e2600000)
 ParOldGen       total 56320K, used 21472K [0x0000000080000000, 0x0000000083700000, 0x00000000d5580000)
  object space 56320K, 38% used [0x0000000080000000,0x00000000814f8348,0x0000000083700000)
 Metaspace       used 33557K, capacity 34780K, committed 34944K, reserved 1079296K
  class space    used 3847K, capacity 4183K, committed 4224K, reserved 1048576K
Event: 90.869 GC heap after
Heap after GC invocations=16 (full 1):
 PSYoungGen      total 192512K, used 5761K [0x00000000d5580000, 0x00000000e2b00000, 0x0000000100000000)
  eden space 186368K, 0% used [0x00000000d5580000,0x00000000d5580000,0x00000000e0b80000)
  from space 6144K, 93% used [0x00000000e1c80000,0x00000000e22207b8,0x00000000e2280000)
  to   space 8704K, 0% used [0x00000000e2280000,0x00000000e2280000,0x00000000e2b00000)
 ParOldGen       total 56320K, used 21480K [0x0000000080000000, 0x0000000083700000, 0x00000000d5580000)
  object space 56320K, 38% used [0x0000000080000000,0x00000000814fa348,0x0000000083700000)
 Metaspace       used 33557K, capacity 34780K, committed 34944K, reserved 1079296K
  class space    used 3847K, capacity 4183K, committed 4224K, reserved 1048576K
}
Event: 123.907 GC heap before
{Heap before GC invocations=17 (full 1):
 PSYoungGen      total 192512K, used 192129K [0x00000000d5580000, 0x00000000e2b00000, 0x0000000100000000)
  eden space 186368K, 100% used [0x00000000d5580000,0x00000000e0b80000,0x00000000e0b80000)
  from space 6144K, 93% used [0x00000000e1c80000,0x00000000e22207b8,0x00000000e2280000)
  to   space 8704K, 0% used [0x00000000e2280000,0x00000000e2280000,0x00000000e2b00000)
 ParOldGen       total 56320K, used 21480K [0x0000000080000000, 0x0000000083700000, 0x00000000d5580000)
  object space 56320K, 38% used [0x0000000080000000,0x00000000814fa348,0x0000000083700000)
 Metaspace       used 33838K, capacity 35104K, committed 35200K, reserved 1081344K
  class space    used 3854K, capacity 4199K, committed 4224K, reserved 1048576K
Event: 123.942 GC heap after
Heap after GC invocations=17 (full 1):
 PSYoungGen      total 185856K, used 6214K [0x00000000d5580000, 0x00000000e2900000, 0x0000000100000000)
  eden space 179200K, 0% used [0x00000000d5580000,0x00000000d5580000,0x00000000e0480000)
  from space 6656K, 93% used [0x00000000e2280000,0x00000000e2891828,0x00000000e2900000)
  to   space 9216K, 0% used [0x00000000e1700000,0x00000000e1700000,0x00000000e2000000)
 ParOldGen       total 56320K, used 21488K [0x0000000080000000, 0x0000000083700000, 0x00000000d5580000)
  object space 56320K, 38% used [0x0000000080000000,0x00000000814fc348,0x0000000083700000)
 Metaspace       used 33838K, capacity 35104K, committed 35200K, reserved 1081344K
  class space    used 3854K, capacity 4199K, committed 4224K, reserved 1048576K
}
Event: 133.275 GC heap before
{Heap before GC invocations=18 (full 1):
 PSYoungGen      total 185856K, used 185414K [0x00000000d5580000, 0x00000000e2900000, 0x0000000100000000)
  eden space 179200K, 100% used [0x00000000d5580000,0x00000000e0480000,0x00000000e0480000)
  from space 6656K, 93% used [0x00000000e2280000,0x00000000e2891828,0x00000000e2900000)
  to   space 9216K, 0% used [0x00000000e1700000,0x00000000e1700000,0x00000000e2000000)
 ParOldGen       total 56320K, used 21488K [0x0000000080000000, 0x0000000083700000, 0x00000000d5580000)
  object space 56320K, 38% used [0x0000000080000000,0x00000000814fc348,0x0000000083700000)
 Metaspace       used 34110K, capacity 35398K, committed 35456K, reserved 1081344K
  class space    used 3864K, capacity 4223K, committed 4224K, reserved 1048576K
Event: 133.281 GC heap after
Heap after GC invocations=18 (full 1):
 PSYoungGen      total 179712K, used 6784K [0x00000000d5580000, 0x00000000e2300000, 0x0000000100000000)
  eden space 172544K, 0% used [0x00000000d5580000,0x00000000d5580000,0x00000000dfe00000)
  from space 7168K, 94% used [0x00000000e1700000,0x00000000e1da0210,0x00000000e1e00000)
  to   space 5120K, 0% used [0x00000000e1e00000,0x00000000e1e00000,0x00000000e2300000)
 ParOldGen       total 56320K, used 21496K [0x0000000080000000, 0x0000000083700000, 0x00000000d5580000)
  object space 56320K, 38% used [0x0000000080000000,0x00000000814fe348,0x0000000083700000)
 Metaspace       used 34110K, capacity 35398K, committed 35456K, reserved 1081344K
  class space    used 3864K, capacity 4223K, committed 4224K, reserved 1048576K
}
Event: 133.285 GC heap before
{Heap before GC invocations=19 (full 1):
 PSYoungGen      total 179712K, used 10182K [0x00000000d5580000, 0x00000000e2300000, 0x0000000100000000)
  eden space 172544K, 1% used [0x00000000d5580000,0x00000000d58d1890,0x00000000dfe00000)
  from space 7168K, 94% used [0x00000000e1700000,0x00000000e1da0210,0x00000000e1e00000)
  to   space 5120K, 0% used [0x00000000e1e00000,0x00000000e1e00000,0x00000000e2300000)
 ParOldGen       total 56320K, used 21496K [0x0000000080000000, 0x0000000083700000, 0x00000000d5580000)
  object space 56320K, 38% used [0x0000000080000000,0x00000000814fe348,0x0000000083700000)
 Metaspace       used 34125K, capacity 35404K, committed 35496K, reserved 1081344K
  class space    used 3865K, capacity 4225K, committed 4264K, reserved 1048576K
Event: 133.291 GC heap after
Heap after GC invocations=19 (full 1):
 PSYoungGen      total 200704K, used 5109K [0x00000000d5580000, 0x00000000e5180000, 0x0000000100000000)
  eden space 195584K, 0% used [0x00000000d5580000,0x00000000d5580000,0x00000000e1480000)
  from space 5120K, 99% used [0x00000000e1e00000,0x00000000e22fd748,0x00000000e2300000)
  to   space 9728K, 0% used [0x00000000e1480000,0x00000000e1480000,0x00000000e1e00000)
 ParOldGen       total 56320K, used 22954K [0x0000000080000000, 0x0000000083700000, 0x00000000d5580000)
  object space 56320K, 40% used [0x0000000080000000,0x000000008166a818,0x0000000083700000)
 Metaspace       used 34125K, capacity 35404K, committed 35496K, reserved 1081344K
  class space    used 3865K, capacity 4225K, committed 4264K, reserved 1048576K
}
Event: 133.291 GC heap before
{Heap before GC invocations=20 (full 2):
 PSYoungGen      total 200704K, used 5109K [0x00000000d5580000, 0x00000000e5180000, 0x0000000100000000)
  eden space 195584K, 0% used [0x00000000d5580000,0x00000000d5580000,0x00000000e1480000)
  from space 5120K, 99% used [0x00000000e1e00000,0x00000000e22fd748,0x00000000e2300000)
  to   space 9728K, 0% used [0x00000000e1480000,0x00000000e1480000,0x00000000e1e00000)
 ParOldGen       total 56320K, used 22954K [0x0000000080000000, 0x0000000083700000, 0x00000000d5580000)
  object space 56320K, 40% used [0x0000000080000000,0x000000008166a818,0x0000000083700000)
 Metaspace       used 34125K, capacity 35404K, committed 35496K, reserved 1081344K
  class space    used 3865K, capacity 4225K, committed 4264K, reserved 1048576K
Event: 133.589 GC heap after
Heap after GC invocations=20 (full 2):
 PSYoungGen      total 200704K, used 0K [0x00000000d5580000, 0x00000000e5180000, 0x0000000100000000)
  eden space 195584K, 0% used [0x00000000d5580000,0x00000000d5580000,0x00000000e1480000)
  from space 5120K, 0% used [0x00000000e1e00000,0x00000000e1e00000,0x00000000e2300000)
  to   space 9728K, 0% used [0x00000000e1480000,0x00000000e1480000,0x00000000e1e00000)
 ParOldGen       total 75264K, used 23418K [0x0000000080000000, 0x0000000084980000, 0x00000000d5580000)
  object space 75264K, 31% used [0x0000000080000000,0x00000000816deac0,0x0000000084980000)
 Metaspace       used 34118K, capacity 35388K, committed 35496K, reserved 1081344K
  class space    used 3862K, capacity 4221K, committed 4264K, reserved 1048576K
}

